\BOOKMARK [0][-]{section*.1}{\315ndice general}{}% 1
\BOOKMARK [0][-]{section*.2}{\315ndice de figuras}{}% 2
\BOOKMARK [0][-]{section*.3}{\315ndice de tablas}{}% 3
\BOOKMARK [0][-]{appendix.Alph1}{Plan de Proyecto Software}{}% 4
\BOOKMARK [1][-]{section.Alph1.1}{Introducci\363n}{appendix.Alph1}% 5
\BOOKMARK [1][-]{section.Alph1.2}{Planificaci\363n temporal}{appendix.Alph1}% 6
\BOOKMARK [1][-]{section.Alph1.3}{Estudio de viabilidad}{appendix.Alph1}% 7
\BOOKMARK [0][-]{appendix.Alph2}{Especificaci\363n de Requisitos}{}% 8
\BOOKMARK [1][-]{section.Alph2.1}{Introducci\363n}{appendix.Alph2}% 9
\BOOKMARK [1][-]{section.Alph2.2}{Objetivos generales}{appendix.Alph2}% 10
\BOOKMARK [1][-]{section.Alph2.3}{Catalogo de requisitos}{appendix.Alph2}% 11
\BOOKMARK [1][-]{section.Alph2.4}{Especificaci\363n de requisitos}{appendix.Alph2}% 12
\BOOKMARK [0][-]{appendix.Alph3}{Especificaci\363n de dise\361o}{}% 13
\BOOKMARK [1][-]{section.Alph3.1}{Introducci\363n}{appendix.Alph3}% 14
\BOOKMARK [1][-]{section.Alph3.2}{Dise\361o de datos}{appendix.Alph3}% 15
\BOOKMARK [1][-]{section.Alph3.3}{Dise\361o procedimental}{appendix.Alph3}% 16
\BOOKMARK [1][-]{section.Alph3.4}{Dise\361o arquitect\363nico}{appendix.Alph3}% 17
\BOOKMARK [0][-]{appendix.Alph4}{Documentaci\363n t\351cnica de programaci\363n}{}% 18
\BOOKMARK [1][-]{section.Alph4.1}{Introducci\363n}{appendix.Alph4}% 19
\BOOKMARK [1][-]{section.Alph4.2}{Estructura de directorios}{appendix.Alph4}% 20
\BOOKMARK [1][-]{section.Alph4.3}{Manual del programador}{appendix.Alph4}% 21
\BOOKMARK [1][-]{section.Alph4.4}{Compilaci\363n, instalaci\363n y ejecuci\363n del proyecto}{appendix.Alph4}% 22
\BOOKMARK [1][-]{section.Alph4.5}{Pruebas del sistema}{appendix.Alph4}% 23
\BOOKMARK [0][-]{appendix.Alph5}{Documentaci\363n de usuario}{}% 24
\BOOKMARK [1][-]{section.Alph5.1}{Introducci\363n}{appendix.Alph5}% 25
\BOOKMARK [1][-]{section.Alph5.2}{Requisitos de usuarios}{appendix.Alph5}% 26
\BOOKMARK [1][-]{section.Alph5.3}{Instalaci\363n}{appendix.Alph5}% 27
\BOOKMARK [1][-]{section.Alph5.4}{Manual del usuario}{appendix.Alph5}% 28
\BOOKMARK [0][-]{section*.11}{GNU Free Documentation License}{}% 29
\BOOKMARK [1][-]{section*.12}{1. APPLICABILITY AND DEFINITIONS}{section*.11}% 30
\BOOKMARK [1][-]{section*.13}{2. VERBATIM COPYING}{section*.11}% 31
\BOOKMARK [1][-]{section*.14}{3. COPYING IN QUANTITY}{section*.11}% 32
\BOOKMARK [1][-]{section*.15}{4. MODIFICATIONS}{section*.11}% 33
\BOOKMARK [1][-]{section*.16}{5. COMBINING DOCUMENTS}{section*.11}% 34
\BOOKMARK [1][-]{section*.17}{6. COLLECTIONS OF DOCUMENTS}{section*.11}% 35
\BOOKMARK [1][-]{section*.18}{7. AGGREGATION WITH INDEPENDENT WORKS}{section*.11}% 36
\BOOKMARK [1][-]{section*.19}{8. TRANSLATION}{section*.11}% 37
\BOOKMARK [1][-]{section*.20}{9. TERMINATION}{section*.11}% 38
\BOOKMARK [1][-]{section*.21}{10. FUTURE REVISIONS OF THIS LICENSE}{section*.11}% 39
\BOOKMARK [1][-]{section*.22}{11. RELICENSING}{section*.11}% 40
\BOOKMARK [1][-]{section*.23}{ADDENDUM: How to use this License for your documents}{section*.11}% 41
