\BOOKMARK [0][-]{section*.1}{\315ndice general}{}% 1
\BOOKMARK [0][-]{section*.2}{\315ndice de figuras}{}% 2
\BOOKMARK [0][-]{section*.3}{\315ndice de tablas}{}% 3
\BOOKMARK [0][-]{chapter*.4}{Introducci\363n}{}% 4
\BOOKMARK [0][-]{chapter*.5}{Objetivos del proyecto}{}% 5
\BOOKMARK [1][-]{section.2.1}{Objetivos principales}{chapter*.5}% 6
\BOOKMARK [1][-]{section.2.2}{Servidor web y p\341gina web}{chapter*.5}% 7
\BOOKMARK [1][-]{section.2.3}{Servicio de Miner\355a}{chapter*.5}% 8
\BOOKMARK [1][-]{section.2.4}{Proceso de desarrollo}{chapter*.5}% 9
\BOOKMARK [1][-]{section.2.5}{Objetivos personales}{chapter*.5}% 10
\BOOKMARK [0][-]{chapter*.6}{Conceptos te\363ricos}{}% 11
\BOOKMARK [1][-]{section.3.1}{Deuda t\351cnica}{chapter*.6}% 12
\BOOKMARK [1][-]{section.3.2}{Integraci\363n continua \(Continuous Integration\)}{chapter*.6}% 13
\BOOKMARK [1][-]{section.3.3}{DevOps}{chapter*.6}% 14
\BOOKMARK [1][-]{section.3.4}{Microservicios}{chapter*.6}% 15
\BOOKMARK [0][-]{chapter*.9}{T\351cnicas y herramientas}{}% 16
\BOOKMARK [1][-]{section.4.1}{Metodolog\355a}{chapter*.9}% 17
\BOOKMARK [1][-]{section.4.2}{Patrones de dise\361o}{chapter*.9}% 18
\BOOKMARK [1][-]{section.4.3}{Control de versiones}{chapter*.9}% 19
\BOOKMARK [1][-]{section.4.4}{Integraci\363n continua}{chapter*.9}% 20
\BOOKMARK [1][-]{section.4.5}{Quality Assurance}{chapter*.9}% 21
\BOOKMARK [1][-]{section.4.6}{Tests}{chapter*.9}% 22
\BOOKMARK [1][-]{section.4.7}{Dependencias}{chapter*.9}% 23
\BOOKMARK [1][-]{section.4.8}{Comunicaci\363n}{chapter*.9}% 24
\BOOKMARK [1][-]{section.4.9}{Documentaci\363n}{chapter*.9}% 25
\BOOKMARK [1][-]{section.4.10}{Editor de texto}{chapter*.9}% 26
\BOOKMARK [1][-]{section.4.11}{Bibliotecas}{chapter*.9}% 27
\BOOKMARK [0][-]{chapter*.14}{Aspectos relevantes del desarrollo del proyecto}{}% 28
\BOOKMARK [1][-]{section.5.1}{Idea e inicio}{chapter*.14}% 29
\BOOKMARK [1][-]{section.5.2}{Formaci\363n}{chapter*.14}% 30
\BOOKMARK [1][-]{section.5.3}{P\341gina web y versionado de bases de datos}{chapter*.14}% 31
\BOOKMARK [1][-]{section.5.4}{Heroku y transici\363n a contenedores}{chapter*.14}% 32
\BOOKMARK [1][-]{section.5.5}{Docker compose y microservicios}{chapter*.14}% 33
\BOOKMARK [1][-]{section.5.6}{Orquestraci\363n}{chapter*.14}% 34
\BOOKMARK [1][-]{section.5.7}{Conclusiones}{chapter*.14}% 35
\BOOKMARK [0][-]{section*.20}{GNU Free Documentation License}{}% 36
\BOOKMARK [1][-]{section*.21}{1. APPLICABILITY AND DEFINITIONS}{section*.20}% 37
\BOOKMARK [1][-]{section*.22}{2. VERBATIM COPYING}{section*.20}% 38
\BOOKMARK [1][-]{section*.23}{3. COPYING IN QUANTITY}{section*.20}% 39
\BOOKMARK [1][-]{section*.24}{4. MODIFICATIONS}{section*.20}% 40
\BOOKMARK [1][-]{section*.25}{5. COMBINING DOCUMENTS}{section*.20}% 41
\BOOKMARK [1][-]{section*.26}{6. COLLECTIONS OF DOCUMENTS}{section*.20}% 42
\BOOKMARK [1][-]{section*.27}{7. AGGREGATION WITH INDEPENDENT WORKS}{section*.20}% 43
\BOOKMARK [1][-]{section*.28}{8. TRANSLATION}{section*.20}% 44
\BOOKMARK [1][-]{section*.29}{9. TERMINATION}{section*.20}% 45
\BOOKMARK [1][-]{section*.30}{10. FUTURE REVISIONS OF THIS LICENSE}{section*.20}% 46
\BOOKMARK [1][-]{section*.31}{11. RELICENSING}{section*.20}% 47
\BOOKMARK [1][-]{section*.32}{ADDENDUM: How to use this License for your documents}{section*.20}% 48
\BOOKMARK [0][-]{section*.34}{Bibliograf\355a}{}% 49
